
Showing logs for build [32mcb-kubecd-environment-pr-158-42-thmcm-1[0m stage [32mfrom-build-pack[0m and container [32mstep-credential-initializer-gdg99[0m
{"level":"warn","ts":1581857176.6752408,"logger":"fallback-logger","caller":"logging/config.go:69","msg":"Fetch GitHub commit ID from kodata failed: \"ref: refs/heads/0.8.0-**-support-backwards-incompats\" is not a valid GitHub commit ID"}
{"level":"info","ts":1581857176.6758049,"logger":"fallback-logger","caller":"creds-init/main.go:40","msg":"Credentials initialized."}

Showing logs for build [32mcb-kubecd-environment-pr-158-42-thmcm-1[0m stage [32mfrom-build-pack[0m and container [32mstep-working-dir-initializer-xqlm8[0m
{"level":"warn","ts":1581857177.721801,"logger":"fallback-logger","caller":"logging/config.go:69","msg":"Fetch GitHub commit ID from kodata failed: open /var/run/ko/HEAD: no such file or directory"}
{"level":"info","ts":1581857177.7238781,"logger":"fallback-logger","caller":"bash/main.go:64","msg":"Successfully executed command \"sh -c mkdir -p /workspace/source\"; output "}

Showing logs for build [32mcb-kubecd-environment-pr-158-42-thmcm-1[0m stage [32mfrom-build-pack[0m and container [32mstep-place-tools[0m

Showing logs for build [32mcb-kubecd-environment-pr-158-42-thmcm-1[0m stage [32mfrom-build-pack[0m and container [32mstep-git-source-cb-kubecd-environment-pr-158-42-thmcm-n6fcf[0m
{"level":"warn","ts":1581857181.8095832,"logger":"fallback-logger","caller":"logging/config.go:69","msg":"Fetch GitHub commit ID from kodata failed: \"ref: refs/heads/0.8.0-**-support-backwards-incompats\" is not a valid GitHub commit ID"}
{"level":"info","ts":1581857182.809005,"logger":"fallback-logger","caller":"git/git.go:103","msg":"Successfully cloned https://github.com/cb-kubecd/environment-pr-158-42-boot-gke-production.git @ master in path /workspace/source"}

Showing logs for build [32mcb-kubecd-environment-pr-158-42-thmcm-1[0m stage [32mfrom-build-pack[0m and container [32mstep-git-merge[0m
Using SHAs from PULL_REFS=master:feebf6a5abfbf37949b821795bd34ab03d3edfcc,1:9b6e7c826b8735dfc0925c2507ca8fc3e2b0fea1
DEBUG: LC_ALL=C JX_LOG_LEVEL=error git fetch origin --unshallow 9b6e7c826b8735dfc0925c2507ca8fc3e2b0fea1: feebf6a5abfbf37949b821795bd34ab03d3edfcc:
DEBUG: ran git fetch --unshallow origin 9b6e7c826b8735dfc0925c2507ca8fc3e2b0fea1: feebf6a5abfbf37949b821795bd34ab03d3edfcc: in 
DEBUG: LC_ALL=C JX_LOG_LEVEL=error git branch
DEBUG: JX_LOG_LEVEL=error LC_ALL=C git checkout master
DEBUG: ran git checkout master in 
DEBUG: LC_ALL=C JX_LOG_LEVEL=error git reset --hard feebf6a5abfbf37949b821795bd34ab03d3edfcc
DEBUG: ran git reset --hard feebf6a5abfbf37949b821795bd34ab03d3edfcc in 
DEBUG: LC_ALL=C JX_LOG_LEVEL=error git clean -fd .
DEBUG: ran clean --force -d . in 
DEBUG: LC_ALL=C JX_LOG_LEVEL=error git merge 9b6e7c826b8735dfc0925c2507ca8fc3e2b0fea1
DEBUG: ran git merge 9b6e7c826b8735dfc0925c2507ca8fc3e2b0fea1 in 
DEBUG: LC_ALL=C JX_LOG_LEVEL=error git log --format=%H%x1f%an%x1f%ae%x1f%cn%x1f%ce%x1f%s%n%b%x1e feebf6a5abfbf37949b821795bd34ab03d3edfcc..HEAD
Merged SHA 9b6e7c826b8735dfc0925c2507ca8fc3e2b0fea1 with commit message 'chore: Promote bdd-spring-1581856352 to version 0.0.1' into base branch master

Showing logs for build [32mcb-kubecd-environment-pr-158-42-thmcm-1[0m stage [32mfrom-build-pack[0m and container [32mstep-build-helm-build[0m
WARNING: No $CHART_REPOSITORY defined so using the default value of: http://jenkins-x-chartmuseum:8080
Adding missing Helm repo: storage.googleapis.com https://storage.googleapis.com/chartmuseum.jenkins-x.io
WARNING: No secrets found on "helm/repos" due: reading the secret "helm/repos" from vault: no secret "helm/repos" not found in vault
Read credentials for https://storage.googleapis.com/chartmuseum.jenkins-x.io from vault helm/repos
Successfully added Helm repository storage.googleapis.com.
Adding missing Helm repo: jenkins-x-chartmuseum http://jenkins-x-chartmuseum:8080
WARNING: No secrets found on "helm/repos" due: reading the secret "helm/repos" from vault: no secret "helm/repos" not found in vault
Read credentials for http://jenkins-x-chartmuseum:8080 from vault helm/repos
Successfully added Helm repository jenkins-x-chartmuseum.
WARNING: No $CHART_REPOSITORY defined so using the default value of: http://jenkins-x-chartmuseum:8080
Adding missing Helm repo: chartmuseum.jenkins-x.io http://chartmuseum.jenkins-x.io
WARNING: No secrets found on "helm/repos" due: reading the secret "helm/repos" from vault: no secret "helm/repos" not found in vault
Read credentials for http://chartmuseum.jenkins-x.io from vault helm/repos
Successfully added Helm repository chartmuseum.jenkins-x.io.
